# JRE version: Java(TM) SE Runtime Environment (8.0_05-b13) (build 1.8.0_05-b13)
# Java VM: Java HotSpot(TM) 64-Bit Server VM (25.5-b02 mixed mode windows-amd64 compressed oops)
Heap:
 PSYoungGen      total 1536K, used 941K [0x00000000eab00000, 0x00000000ead00000, 0x0000000100000000)
  eden space 1024K, 45% used [0x00000000eab00000,0x00000000eab73498,0x00000000eac00000)
  from space 512K, 93% used [0x00000000eac80000,0x00000000eacf8018,0x00000000ead00000)
  to   space 512K, 25% used [0x00000000eac00000,0x00000000eac20000,0x00000000eac80000)
 ParOldGen       total 129536K, used 3162K [0x00000000c0000000, 0x00000000c7e80000, 0x00000000eab00000)
  object space 129536K, 2% used [0x00000000c0000000,0x00000000c0316ad0,0x00000000c7e80000)
 Metaspace       used 5397K, capacity 6448K, committed 6528K, reserved 1062912K
  class space    used 591K, capacity 616K, committed 640K, reserved 1048576K
GC Heap History (10 events):
Event: 0.167 GC heap before
{Heap before GC invocations=6 (full 0):
 PSYoungGen      total 1536K, used 1529K [0x00000000eab00000, 0x00000000ead00000, 0x0000000100000000)
  eden space 1024K, 100% used [0x00000000eab00000,0x00000000eac00000,0x00000000eac00000)
  from space 512K, 98% used [0x00000000eac00000,0x00000000eac7e620,0x00000000eac80000)
  to   space 512K, 0% used [0x00000000eac80000,0x00000000eac80000,0x00000000ead00000)
 ParOldGen       total 129536K, used 1349K [0x00000000c0000000, 0x00000000c7e80000, 0x00000000eab00000)
  object space 129536K, 1% used [0x00000000c0000000,0x00000000c01517e8,0x00000000c7e80000)
 Metaspace       used 4357K, capacity 5520K, committed 5760K, reserved 1056768K
  class space    used 491K, capacity 520K, committed 640K, reserved 1048576K
Event: 0.168 GC heap after
Heap after GC invocations=6 (full 0):
 PSYoungGen      total 1536K, used 505K [0x00000000eab00000, 0x00000000ead00000, 0x0000000100000000)
  eden space 1024K, 0% used [0x00000000eab00000,0x00000000eab00000,0x00000000eac00000)
  from space 512K, 98% used [0x00000000eac80000,0x00000000eacfe620,0x00000000ead00000)
  to   space 512K, 0% used [0x00000000eac00000,0x00000000eac00000,0x00000000eac80000)
 ParOldGen       total 129536K, used 1694K [0x00000000c0000000, 0x00000000c7e80000, 0x00000000eab00000)
  object space 129536K, 1% used [0x00000000c0000000,0x00000000c01a7af8,0x00000000c7e80000)
 Metaspace       used 4357K, capacity 5520K, committed 5760K, reserved 1056768K
  class space    used 491K, capacity 520K, committed 640K, reserved 1048576K
}
Event: 0.184 GC heap before
{Heap before GC invocations=7 (full 0):
 PSYoungGen      total 1536K, used 1529K [0x00000000eab00000, 0x00000000ead00000, 0x0000000100000000)
  eden space 1024K, 100% used [0x00000000eab00000,0x00000000eac00000,0x00000000eac00000)
  from space 512K, 98% used [0x00000000eac80000,0x00000000eacfe620,0x00000000ead00000)
  to   space 512K, 0% used [0x00000000eac00000,0x00000000eac00000,0x00000000eac80000)
 ParOldGen       total 129536K, used 1694K [0x00000000c0000000, 0x00000000c7e80000, 0x00000000eab00000)
  object space 129536K, 1% used [0x00000000c0000000,0x00000000c01a7af8,0x00000000c7e80000)
 Metaspace       used 4671K, capacity 5808K, committed 6016K, reserved 1056768K
  class space    used 518K, capacity 552K, committed 640K, reserved 1048576K
Event: 0.185 GC heap after
Heap after GC invocations=7 (full 0):
 PSYoungGen      total 1536K, used 509K [0x00000000eab00000, 0x00000000ead00000, 0x0000000100000000)
  eden space 1024K, 0% used [0x00000000eab00000,0x00000000eab00000,0x00000000eac00000)
  from space 512K, 99% used [0x00000000eac00000,0x00000000eac7f638,0x00000000eac80000)
  to   space 512K, 0% used [0x00000000eac80000,0x00000000eac80000,0x00000000ead00000)
 ParOldGen       total 129536K, used 2139K [0x00000000c0000000, 0x00000000c7e80000, 0x00000000eab00000)
  object space 129536K, 1% used [0x00000000c0000000,0x00000000c0216d48,0x00000000c7e80000)
 Metaspace       used 4671K, capacity 5808K, committed 6016K, reserved 1056768K
  class space    used 518K, capacity 552K, committed 640K, reserved 1048576K
}
Event: 0.200 GC heap before
{Heap before GC invocations=8 (full 0):
 PSYoungGen      total 1536K, used 1533K [0x00000000eab00000, 0x00000000ead00000, 0x0000000100000000)
  eden space 1024K, 100% used [0x00000000eab00000,0x00000000eac00000,0x00000000eac00000)
  from space 512K, 99% used [0x00000000eac00000,0x00000000eac7f638,0x00000000eac80000)
  to   space 512K, 0% used [0x00000000eac80000,0x00000000eac80000,0x00000000ead00000)
 ParOldGen       total 129536K, used 2139K [0x00000000c0000000, 0x00000000c7e80000, 0x00000000eab00000)
  object space 129536K, 1% used [0x00000000c0000000,0x00000000c0216d48,0x00000000c7e80000)
 Metaspace       used 4946K, capacity 6096K, committed 6272K, reserved 1056768K
  class space    used 552K, capacity 584K, committed 640K, reserved 1048576K
Event: 0.200 GC heap after
Heap after GC invocations=8 (full 0):
 PSYoungGen      total 1536K, used 512K [0x00000000eab00000, 0x00000000ead00000, 0x0000000100000000)
  eden space 1024K, 0% used [0x00000000eab00000,0x00000000eab00000,0x00000000eac00000)
  from space 512K, 100% used [0x00000000eac80000,0x00000000ead00000,0x00000000ead00000)
  to   space 512K, 0% used [0x00000000eac00000,0x00000000eac00000,0x00000000eac80000)
 ParOldGen       total 129536K, used 2313K [0x00000000c0000000, 0x00000000c7e80000, 0x00000000eab00000)
  object space 129536K, 1% used [0x00000000c0000000,0x00000000c0242578,0x00000000c7e80000)
 Metaspace       used 4946K, capacity 6096K, committed 6272K, reserved 1056768K
  class space    used 552K, capacity 584K, committed 640K, reserved 1048576K
}
Event: 0.215 GC heap before
{Heap before GC invocations=9 (full 0):
 PSYoungGen      total 1536K, used 1379K [0x00000000eab00000, 0x00000000ead00000, 0x0000000100000000)
  eden space 1024K, 84% used [0x00000000eab00000,0x00000000eabd8cc8,0x00000000eac00000)
  from space 512K, 100% used [0x00000000eac80000,0x00000000ead00000,0x00000000ead00000)
  to   space 512K, 0% used [0x00000000eac00000,0x00000000eac00000,0x00000000eac80000)
 ParOldGen       total 129536K, used 2313K [0x00000000c0000000, 0x00000000c7e80000, 0x00000000eab00000)
  object space 129536K, 1% used [0x00000000c0000000,0x00000000c0242578,0x00000000c7e80000)
 Metaspace       used 5194K, capacity 6320K, committed 6528K, reserved 1058816K
  class space    used 579K, capacity 616K, committed 640K, reserved 1048576K
Event: 0.216 GC heap after
Heap after GC invocations=9 (full 0):
 PSYoungGen      total 1536K, used 496K [0x00000000eab00000, 0x00000000ead00000, 0x0000000100000000)
  eden space 1024K, 0% used [0x00000000eab00000,0x00000000eab00000,0x00000000eac00000)
  from space 512K, 97% used [0x00000000eac00000,0x00000000eac7c318,0x00000000eac80000)
  to   space 512K, 0% used [0x00000000eac80000,0x00000000eac80000,0x00000000ead00000)
 ParOldGen       total 129536K, used 2465K [0x00000000c0000000, 0x00000000c7e80000, 0x00000000eab00000)
  object space 129536K, 1% used [0x00000000c0000000,0x00000000c0268578,0x00000000c7e80000)
 Metaspace       used 5194K, capacity 6320K, committed 6528K, reserved 1058816K
  class space    used 579K, capacity 616K, committed 640K, reserved 1048576K
}
Event: 0.227 GC heap before
{Heap before GC invocations=10 (full 0):
 PSYoungGen      total 1536K, used 1520K [0x00000000eab00000, 0x00000000ead00000, 0x0000000100000000)
  eden space 1024K, 100% used [0x00000000eab00000,0x00000000eac00000,0x00000000eac00000)
  from space 512K, 97% used [0x00000000eac00000,0x00000000eac7c318,0x00000000eac80000)
  to   space 512K, 0% used [0x00000000eac80000,0x00000000eac80000,0x00000000ead00000)
 ParOldGen       total 129536K, used 2465K [0x00000000c0000000, 0x00000000c7e80000, 0x00000000eab00000)
  object space 129536K, 1% used [0x00000000c0000000,0x00000000c0268578,0x00000000c7e80000)
 Metaspace       used 5365K, capacity 6448K, committed 6528K, reserved 1058816K
  class space    used 591K, capacity 616K, committed 640K, reserved 1048576K
Event: 0.228 GC heap after
Heap after GC invocations=10 (full 0):
 PSYoungGen      total 1536K, used 480K [0x00000000eab00000, 0x00000000ead00000, 0x0000000100000000)
  eden space 1024K, 0% used [0x00000000eab00000,0x00000000eab00000,0x00000000eac00000)
  from space 512K, 93% used [0x00000000eac80000,0x00000000eacf8018,0x00000000ead00000)
  to   space 512K, 0% used [0x00000000eac00000,0x00000000eac00000,0x00000000eac80000)
 ParOldGen       total 129536K, used 2718K [0x00000000c0000000, 0x00000000c7e80000, 0x00000000eab00000)
  object space 129536K, 2% used [0x00000000c0000000,0x00000000c02a7aa8,0x00000000c7e80000)
 Metaspace       used 5365K, capacity 6448K, committed 6528K, reserved 1058816K
  class space    used 591K, capacity 616K, committed 640K, reserved 1048576K
}

